TN:
SF:app.ts
FN:68,(anonymous_7)
FN:69,(anonymous_8)
FN:74,(anonymous_9)
FN:79,(anonymous_10)
FN:81,(anonymous_11)
FNF:5
FNH:0
FNDA:0,(anonymous_7)
FNDA:0,(anonymous_8)
FNDA:0,(anonymous_9)
FNDA:0,(anonymous_10)
FNDA:0,(anonymous_11)
DA:4,2
DA:6,2
DA:7,2
DA:8,0
DA:11,2
DA:12,2
DA:13,2
DA:14,2
DA:15,2
DA:18,2
DA:19,2
DA:21,2
DA:22,2
DA:25,2
DA:26,2
DA:27,2
DA:36,2
DA:37,2
DA:38,2
DA:39,2
DA:40,2
DA:44,2
DA:45,2
DA:46,2
DA:48,2
DA:58,2
DA:60,2
DA:61,2
DA:62,2
DA:68,2
DA:70,0
DA:73,2
DA:74,2
DA:75,0
DA:79,2
DA:80,0
DA:81,0
DA:82,0
LF:38
LH:32
BRDA:7,0,0,0
BRDA:7,0,1,2
BRF:2
BRH:1
end_of_record
TN:
SF:src/controllers/AuthController.ts
FN:15,(anonymous_14)
FN:22,(anonymous_16)
FNF:2
FNH:2
FNDA:4,(anonymous_14)
FNDA:9,(anonymous_16)
DA:2,2
DA:3,2
DA:5,2
DA:6,2
DA:7,2
DA:9,2
DA:11,2
DA:13,2
DA:15,2
DA:22,2
DA:25,9
DA:28,9
DA:29,1
DA:34,8
DA:35,1
DA:40,7
DA:43,7
DA:48,0
DA:49,0
DA:50,0
DA:54,2
DA:57,2
LF:22
LH:19
BRDA:28,0,0,1
BRDA:28,0,1,8
BRDA:34,1,0,1
BRDA:34,1,1,7
BRF:4
BRH:4
end_of_record
TN:
SF:src/controllers/CartController.ts
FN:12,(anonymous_14)
FN:19,(anonymous_16)
FN:47,(anonymous_19)
FN:89,(anonymous_22)
FN:107,(anonymous_25)
FNF:5
FNH:3
FNDA:4,(anonymous_14)
FNDA:2,(anonymous_16)
FNDA:1,(anonymous_19)
FNDA:0,(anonymous_22)
FNDA:0,(anonymous_25)
DA:1,2
DA:3,2
DA:4,2
DA:5,2
DA:6,2
DA:7,2
DA:8,2
DA:10,2
DA:12,2
DA:19,2
DA:22,2
DA:25,2
DA:28,2
DA:29,0
DA:33,2
DA:35,0
DA:36,0
DA:47,2
DA:51,1
DA:53,1
DA:55,1
DA:58,1
DA:59,2
DA:60,1
DA:64,0
DA:67,0
DA:68,0
DA:69,0
DA:73,0
DA:74,0
DA:77,0
DA:78,0
DA:89,2
DA:92,0
DA:93,0
DA:96,0
DA:97,0
DA:107,2
DA:110,0
DA:112,0
DA:113,0
DA:115,0
DA:116,0
DA:120,2
DA:123,2
LF:45
LH:25
BRDA:28,0,0,0
BRDA:28,0,1,2
BRDA:64,1,0,0
BRDA:58,2,0,0
BRDA:58,2,1,1
BRDA:67,3,0,0
BRDA:67,3,1,0
BRF:7
BRH:2
end_of_record
TN:
SF:src/controllers/ProductController.ts
FN:11,(anonymous_14)
FN:17,(anonymous_16)
FN:35,(anonymous_19)
FNF:3
FNH:1
FNDA:4,(anonymous_14)
FNDA:0,(anonymous_16)
FNDA:0,(anonymous_19)
DA:1,2
DA:3,2
DA:4,2
DA:5,2
DA:6,2
DA:8,2
DA:11,2
DA:17,2
DA:19,0
DA:20,0
DA:22,0
DA:23,0
DA:35,2
DA:37,0
DA:38,0
DA:40,0
DA:41,0
DA:47,2
DA:50,2
LF:19
LH:11
BRF:0
BRH:0
end_of_record
TN:
SF:src/entities/Brand.ts
FN:6,(anonymous_1)
FN:17,(anonymous_3)
FN:17,(anonymous_4)
FNF:3
FNH:3
FNDA:6,(anonymous_1)
FNDA:4,(anonymous_3)
FNDA:4,(anonymous_4)
DA:1,2
DA:2,2
DA:3,2
DA:6,2
DA:9,2
DA:14,2
DA:17,4
DA:18,2
DA:20,2
LF:9
LH:9
BRF:0
BRH:0
end_of_record
TN:
SF:src/entities/Cart.ts
FN:9,(anonymous_1)
FN:24,(anonymous_3)
FN:24,(anonymous_4)
FN:27,(anonymous_5)
FN:27,(anonymous_6)
FNF:5
FNH:5
FNDA:9,(anonymous_1)
FNDA:4,(anonymous_3)
FNDA:4,(anonymous_4)
FNDA:4,(anonymous_5)
FNDA:4,(anonymous_6)
DA:1,2
DA:2,2
DA:4,2
DA:5,2
DA:6,2
DA:9,2
DA:11,2
DA:14,2
DA:22,2
DA:24,4
DA:25,2
DA:27,4
DA:28,2
DA:31,2
LF:14
LH:14
BRF:0
BRH:0
end_of_record
TN:
SF:src/entities/CartItem.ts
FN:6,(anonymous_1)
FN:16,(anonymous_3)
FN:16,(anonymous_4)
FN:20,(anonymous_5)
FN:20,(anonymous_6)
FNF:5
FNH:5
FNDA:9,(anonymous_1)
FNDA:4,(anonymous_3)
FNDA:4,(anonymous_4)
FNDA:4,(anonymous_5)
FNDA:4,(anonymous_6)
DA:1,2
DA:2,2
DA:3,2
DA:6,2
DA:9,2
DA:13,2
DA:16,4
DA:18,2
DA:20,4
DA:23,2
DA:24,2
LF:11
LH:11
BRF:0
BRH:0
end_of_record
TN:
SF:src/entities/Category.ts
FN:6,(anonymous_1)
FN:23,(anonymous_3)
FN:23,(anonymous_4)
FNF:3
FNH:3
FNDA:6,(anonymous_1)
FNDA:4,(anonymous_3)
FNDA:4,(anonymous_4)
DA:1,2
DA:2,2
DA:3,2
DA:6,2
DA:9,2
DA:14,2
DA:19,2
DA:23,4
DA:24,2
DA:26,2
LF:10
LH:10
BRF:0
BRH:0
end_of_record
TN:
SF:src/entities/Product.ts
FN:19,(anonymous_1)
FN:35,(anonymous_3)
FN:35,(anonymous_4)
FN:39,(anonymous_5)
FN:39,(anonymous_6)
FN:45,(anonymous_7)
FN:45,(anonymous_8)
FNF:7
FNH:7
FNDA:8,(anonymous_1)
FNDA:4,(anonymous_3)
FNDA:4,(anonymous_4)
FNDA:4,(anonymous_5)
FNDA:4,(anonymous_6)
FNDA:4,(anonymous_7)
FNDA:4,(anonymous_8)
DA:1,2
DA:11,2
DA:12,2
DA:13,2
DA:14,2
DA:19,2
DA:22,2
DA:27,2
DA:32,2
DA:35,4
DA:37,2
DA:39,4
DA:41,2
DA:45,4
DA:46,2
DA:47,2
LF:16
LH:16
BRF:0
BRH:0
end_of_record
TN:
SF:src/entities/ProductVariation.ts
FN:15,(anonymous_1)
FN:41,(anonymous_3)
FN:41,(anonymous_4)
FN:44,(anonymous_5)
FN:44,(anonymous_6)
FN:47,(anonymous_7)
FNF:6
FNH:6
FNDA:11,(anonymous_1)
FNDA:4,(anonymous_3)
FNDA:4,(anonymous_4)
FNDA:4,(anonymous_5)
FNDA:4,(anonymous_6)
FNDA:4,(anonymous_7)
DA:1,2
DA:9,2
DA:10,2
DA:11,2
DA:12,2
DA:15,2
DA:18,2
DA:23,2
DA:27,2
DA:31,2
DA:36,2
DA:39,2
DA:41,4
DA:42,2
DA:44,4
DA:45,2
DA:47,4
DA:49,2
DA:52,2
LF:19
LH:19
BRF:0
BRH:0
end_of_record
TN:
SF:src/entities/User.ts
FN:12,(anonymous_1)
FN:26,(anonymous_3)
FN:26,(anonymous_4)
FNF:3
FNH:3
FNDA:17,(anonymous_1)
FNDA:4,(anonymous_3)
FNDA:4,(anonymous_4)
DA:1,2
DA:7,2
DA:8,2
DA:12,2
DA:15,2
DA:19,2
DA:24,2
DA:26,4
DA:27,2
DA:30,2
LF:10
LH:10
BRF:0
BRH:0
end_of_record
TN:
SF:src/entities/Variant.ts
FN:9,(anonymous_1)
FN:20,(anonymous_3)
FN:20,(anonymous_4)
FN:24,(anonymous_5)
FN:24,(anonymous_6)
FNF:5
FNH:5
FNDA:6,(anonymous_1)
FNDA:4,(anonymous_3)
FNDA:4,(anonymous_4)
FNDA:4,(anonymous_5)
FNDA:4,(anonymous_6)
DA:1,2
DA:2,2
DA:4,2
DA:6,2
DA:9,2
DA:12,2
DA:17,2
DA:20,4
DA:21,2
DA:24,4
DA:25,2
DA:28,2
LF:12
LH:12
BRF:0
BRH:0
end_of_record
TN:
SF:src/entities/VariantValue.ts
FN:7,(anonymous_1)
FN:17,(anonymous_3)
FN:17,(anonymous_4)
FNF:3
FNH:3
FNDA:6,(anonymous_1)
FNDA:4,(anonymous_3)
FNDA:4,(anonymous_4)
DA:1,2
DA:2,2
DA:4,2
DA:7,2
DA:10,2
DA:15,2
DA:17,4
DA:18,2
DA:20,2
LF:9
LH:9
BRF:0
BRH:0
end_of_record
TN:
SF:src/enums/CartStatus.ts
FN:1,(anonymous_0)
FNF:1
FNH:1
FNDA:2,(anonymous_0)
DA:1,2
DA:2,2
DA:3,2
DA:4,2
DA:5,2
DA:6,2
LF:6
LH:6
BRDA:1,0,0,2
BRDA:1,0,1,2
BRF:2
BRH:2
end_of_record
TN:
SF:src/enums/StatusCodes.ts
FN:1,(anonymous_0)
FNF:1
FNH:1
FNDA:2,(anonymous_0)
DA:1,2
DA:2,2
DA:3,2
DA:4,2
DA:5,2
DA:6,2
LF:6
LH:6
BRDA:1,0,0,2
BRDA:1,0,1,2
BRF:2
BRH:2
end_of_record
TN:
SF:src/middlewares/BodyValidationMiddleware.ts
FN:4,(anonymous_0)
FN:5,(anonymous_2)
FNF:2
FNH:2
FNDA:4,(anonymous_0)
FNDA:12,(anonymous_2)
DA:2,2
DA:4,2
DA:5,2
DA:10,12
DA:11,12
DA:12,2
DA:14,10
DA:16,2
DA:18,2
LF:9
LH:9
BRDA:11,0,0,2
BRDA:11,0,1,10
BRF:2
BRH:2
end_of_record
TN:
SF:src/middlewares/CartMiddleware.ts
FN:9,(anonymous_14)
FN:10,(anonymous_16)
FN:27,(anonymous_19)
FN:41,(anonymous_22)
FN:51,(anonymous_25)
FNF:5
FNH:3
FNDA:4,(anonymous_14)
FNDA:0,(anonymous_16)
FNDA:1,(anonymous_19)
FNDA:1,(anonymous_22)
FNDA:0,(anonymous_25)
DA:2,2
DA:3,2
DA:4,2
DA:5,2
DA:6,2
DA:9,2
DA:10,2
DA:15,0
DA:16,0
DA:18,0
DA:19,0
DA:21,0
DA:27,2
DA:31,1
DA:32,1
DA:33,1
DA:35,0
DA:41,2
DA:46,1
DA:47,1
DA:51,2
DA:56,0
DA:57,0
DA:59,2
DA:62,2
LF:25
LH:17
BRDA:15,0,0,0
BRDA:18,1,0,0
BRDA:18,1,1,0
BRDA:31,2,0,1
BRDA:32,3,0,1
BRDA:32,3,1,0
BRF:6
BRH:2
end_of_record
TN:
SF:src/middlewares/JWTMiddleware.ts
FN:9,(anonymous_1)
FN:17,(anonymous_3)
FNF:2
FNH:2
FNDA:4,(anonymous_1)
FNDA:5,(anonymous_3)
DA:3,2
DA:4,2
DA:8,2
DA:9,2
DA:17,2
DA:22,5
DA:23,4
DA:24,4
DA:25,4
DA:26,0
DA:28,4
DA:32,4
DA:35,0
DA:38,1
DA:41,2
DA:44,2
LF:16
LH:14
BRDA:22,0,0,4
BRDA:22,0,1,1
BRDA:25,1,0,0
BRDA:25,1,1,4
BRF:4
BRH:3
end_of_record
TN:
SF:src/middlewares/ProductMiddleware.ts
FN:9,(anonymous_14)
FN:10,(anonymous_16)
FN:23,(anonymous_19)
FN:36,(anonymous_22)
FNF:4
FNH:2
FNDA:4,(anonymous_14)
FNDA:0,(anonymous_16)
FNDA:2,(anonymous_19)
FNDA:0,(anonymous_22)
DA:1,2
DA:3,2
DA:4,2
DA:5,2
DA:7,2
DA:9,2
DA:10,2
DA:14,0
DA:15,0
DA:16,0
DA:18,0
DA:23,2
DA:27,2
DA:28,2
DA:29,0
DA:31,2
DA:36,2
DA:41,0
DA:42,0
DA:46,2
DA:49,2
LF:21
LH:14
BRDA:14,0,0,0
BRDA:15,1,0,0
BRDA:15,1,1,0
BRDA:27,2,0,2
BRDA:28,3,0,0
BRDA:28,3,1,2
BRF:6
BRH:2
end_of_record
TN:
SF:src/middlewares/Validators.ts
FN:7,(anonymous_13)
FN:16,(anonymous_15)
FN:37,(anonymous_18)
FNF:3
FNH:1
FNDA:4,(anonymous_13)
FNDA:0,(anonymous_15)
FNDA:0,(anonymous_18)
DA:3,2
DA:4,2
DA:7,2
DA:12,2
DA:16,2
DA:20,0
DA:22,0
DA:23,0
DA:26,0
DA:37,2
DA:41,0
DA:42,0
DA:44,0
DA:45,0
DA:49,0
DA:50,0
DA:54,0
DA:59,2
DA:61,2
LF:19
LH:8
BRDA:22,0,0,0
BRDA:22,0,1,0
BRDA:44,1,0,0
BRDA:44,1,1,0
BRDA:44,2,0,0
BRDA:44,2,1,0
BRDA:49,3,0,0
BRDA:49,3,1,0
BRDA:49,4,0,0
BRDA:49,4,1,0
BRF:10
BRH:0
end_of_record
TN:
SF:src/migrations/1630688494533-SeedAllStartUpData.ts
FN:34,(anonymous_13)
FN:36,(anonymous_15)
FN:131,(anonymous_18)
FNF:3
FNH:2
FNDA:4,(anonymous_13)
FNDA:2,(anonymous_15)
FNDA:0,(anonymous_18)
DA:1,2
DA:2,2
DA:3,2
DA:4,2
DA:5,2
DA:6,2
DA:7,2
DA:8,2
DA:9,2
DA:10,2
DA:11,2
DA:12,2
DA:18,2
DA:19,2
DA:20,2
DA:26,2
DA:34,2
DA:36,2
DA:38,2
DA:39,2
DA:40,2
DA:41,4
DA:43,2
DA:45,2
DA:47,2
DA:48,2
DA:49,2
DA:51,2
DA:52,2
DA:54,2
DA:55,2
DA:57,2
DA:58,2
DA:60,2
DA:61,2
DA:63,2
DA:64,2
DA:67,2
DA:68,2
DA:71,2
DA:72,2
DA:73,2
DA:74,2
DA:75,2
DA:78,2
DA:79,2
DA:83,2
DA:85,2
DA:86,2
DA:88,2
DA:91,2
DA:92,2
DA:96,2
DA:99,2
DA:101,2
DA:103,2
DA:104,2
DA:105,2
DA:108,2
DA:109,2
DA:110,2
DA:113,2
DA:114,2
DA:115,2
DA:118,2
DA:119,2
DA:120,2
DA:122,2
DA:123,2
DA:124,2
DA:125,2
DA:131,2
DA:134,2
LF:73
LH:73
BRDA:38,0,0,2
BRF:1
BRH:1
end_of_record
TN:
SF:src/models/ErrorResponse.ts
FN:1,(anonymous_0)
FN:7,ErrorResponse
FNF:2
FNH:2
FNDA:2,(anonymous_0)
FNDA:3,ErrorResponse
DA:1,2
DA:7,4
DA:8,3
DA:9,3
DA:10,3
DA:12,2
LF:6
LH:6
BRDA:7,0,0,1
BRDA:7,0,1,2
BRF:2
BRH:2
end_of_record
TN:
SF:src/models/Response.ts
FN:3,(anonymous_0)
FN:9,Response
FNF:2
FNH:2
FNDA:2,(anonymous_0)
FNDA:3,Response
DA:3,2
DA:10,3
DA:11,3
DA:12,3
DA:14,2
LF:5
LH:5
BRF:0
BRH:0
end_of_record
TN:
SF:src/repositories/UserRepository.ts
FN:5,(anonymous_7)
FN:6,(anonymous_9)
FNF:2
FNH:2
FNDA:14,(anonymous_7)
FNDA:12,(anonymous_9)
DA:1,2
DA:2,2
DA:5,2
DA:6,2
DA:7,12
DA:10,2
LF:6
LH:6
BRF:0
BRH:0
end_of_record
TN:
SF:src/routes/AuthRoutes.ts
FN:10,(anonymous_7)
FN:12,AuthRoutes
FN:17,(anonymous_9)
FNF:3
FNH:3
FNDA:2,(anonymous_7)
FNDA:2,AuthRoutes
FNDA:2,(anonymous_9)
DA:1,2
DA:6,2
DA:7,2
DA:8,2
DA:10,2
DA:13,2
DA:17,2
DA:18,2
DA:24,2
DA:27,2
LF:10
LH:10
BRDA:13,0,0,2
BRDA:13,0,1,2
BRF:2
BRH:2
end_of_record
TN:
SF:src/routes/BaseRouteConfig.ts
FN:3,(anonymous_0)
FN:8,BaseRouteConfig
FN:15,(anonymous_2)
FNF:3
FNH:2
FNDA:2,(anonymous_0)
FNDA:6,BaseRouteConfig
FNDA:0,(anonymous_2)
DA:3,2
DA:9,6
DA:10,6
DA:11,6
DA:15,2
DA:16,0
DA:20,2
LF:7
LH:6
BRF:0
BRH:0
end_of_record
TN:
SF:src/routes/CartRoutes.ts
FN:12,(anonymous_7)
FN:15,CartRoutes
FN:19,(anonymous_9)
FNF:3
FNH:3
FNDA:2,(anonymous_7)
FNDA:2,CartRoutes
FNDA:2,(anonymous_9)
DA:2,2
DA:4,2
DA:5,2
DA:6,2
DA:7,2
DA:8,2
DA:9,2
DA:12,2
DA:16,2
DA:19,2
DA:20,2
DA:36,2
DA:37,2
DA:43,2
DA:44,2
DA:49,2
DA:52,2
LF:17
LH:17
BRDA:16,0,0,2
BRDA:16,0,1,2
BRF:2
BRH:2
end_of_record
TN:
SF:src/routes/ProductRoutes.ts
FN:8,(anonymous_7)
FN:10,ProductRoutes
FN:15,(anonymous_9)
FNF:3
FNH:3
FNDA:2,(anonymous_7)
FNDA:2,ProductRoutes
FNDA:2,(anonymous_9)
DA:1,2
DA:3,2
DA:4,2
DA:5,2
DA:6,2
DA:8,2
DA:11,2
DA:15,2
DA:16,2
DA:25,2
DA:26,2
DA:32,2
DA:35,2
LF:13
LH:13
BRDA:11,0,0,2
BRDA:11,0,1,2
BRF:2
BRH:2
end_of_record
TN:
SF:src/seeders/brand.seed.ts
FNF:0
FNH:0
DA:1,2
DA:8,2
LF:2
LH:2
BRF:0
BRH:0
end_of_record
TN:
SF:src/seeders/category.seed.ts
FNF:0
FNH:0
DA:1,2
DA:7,2
LF:2
LH:2
BRF:0
BRH:0
end_of_record
TN:
SF:src/seeders/product.seed.ts
FNF:0
FNH:0
DA:4,2
DA:10,2
LF:2
LH:2
BRF:0
BRH:0
end_of_record
TN:
SF:src/seeders/productvariants.seed.ts
FNF:0
FNH:0
DA:1,2
DA:9,2
DA:16,2
DA:25,2
LF:4
LH:4
BRF:0
BRH:0
end_of_record
TN:
SF:src/seeders/user.seed.ts
FNF:0
FNH:0
DA:2,2
LF:1
LH:1
BRF:0
BRH:0
end_of_record
TN:
SF:src/seeders/variant.seed.ts
FNF:0
FNH:0
DA:3,2
DA:7,2
DA:12,2
LF:3
LH:3
BRF:0
BRH:0
end_of_record
TN:
SF:src/seeders/variantvalue.seed.ts
FNF:0
FNH:0
DA:1,2
DA:6,2
DA:10,2
DA:14,2
DA:18,2
DA:22,2
LF:6
LH:6
BRF:0
BRH:0
end_of_record
TN:
SF:src/services/AuthService.ts
FN:7,(anonymous_0)
FN:13,(anonymous_2)
FNF:2
FNH:2
FNDA:4,(anonymous_0)
FNDA:12,(anonymous_2)
DA:1,2
DA:3,2
DA:7,2
DA:13,2
DA:14,12
DA:16,2
DA:18,2
LF:7
LH:7
BRF:0
BRH:0
end_of_record
TN:
SF:src/services/CartService.ts
FN:9,(anonymous_14)
FN:16,(anonymous_16)
FN:30,(anonymous_17)
FN:43,(anonymous_18)
FN:51,(anonymous_19)
FN:61,(anonymous_20)
FN:78,(anonymous_23)
FN:93,(anonymous_26)
FN:106,(anonymous_29)
FN:120,(anonymous_32)
FN:129,(anonymous_35)
FN:138,(anonymous_38)
FNF:12
FNH:6
FNDA:4,(anonymous_14)
FNDA:1,(anonymous_16)
FNDA:2,(anonymous_17)
FNDA:0,(anonymous_18)
FNDA:1,(anonymous_19)
FNDA:1,(anonymous_20)
FNDA:1,(anonymous_23)
FNDA:0,(anonymous_26)
FNDA:0,(anonymous_29)
FNDA:0,(anonymous_32)
FNDA:0,(anonymous_35)
FNDA:0,(anonymous_38)
DA:2,2
DA:3,2
DA:4,2
DA:6,2
DA:9,2
DA:16,2
DA:17,1
DA:30,2
DA:31,2
DA:43,2
DA:44,0
DA:51,2
DA:52,1
DA:61,2
DA:62,1
DA:63,1
DA:64,1
DA:65,1
DA:66,1
DA:67,1
DA:78,2
DA:79,1
DA:80,1
DA:81,1
DA:82,1
DA:83,1
DA:93,2
DA:94,0
DA:95,0
DA:96,0
DA:97,0
DA:98,0
DA:99,0
DA:100,0
DA:106,2
DA:107,0
DA:120,2
DA:121,0
DA:122,0
DA:129,2
DA:130,0
DA:131,0
DA:138,2
DA:141,0
DA:143,0
DA:146,2
DA:148,2
LF:47
LH:32
BRDA:67,0,0,1
BRDA:130,1,0,0
BRDA:130,1,1,0
BRDA:141,2,0,0
BRDA:141,2,1,0
BRF:5
BRH:1
end_of_record
TN:
SF:src/services/ProductService.ts
FN:6,(anonymous_0)
FN:13,(anonymous_2)
FN:26,(anonymous_3)
FN:35,(anonymous_4)
FNF:4
FNH:2
FNDA:4,(anonymous_0)
FNDA:0,(anonymous_2)
FNDA:0,(anonymous_3)
FNDA:3,(anonymous_4)
DA:1,2
DA:2,2
DA:3,2
DA:6,2
DA:13,2
DA:14,0
DA:26,2
DA:27,0
DA:35,2
DA:36,3
DA:38,2
DA:40,2
LF:12
LH:10
BRF:0
BRH:0
end_of_record
